<?xml version="1.0" encoding="UTF-8"?>
<!-- Generated by org.testng.reporters.JUnitReportReporter -->
<testsuite skipped="0" hostname="LAPTOP-QR17FD93" name="New.RunnerTest" tests="1" failures="0" timestamp="30 Jun 2021 12:07:31 GMT" time="0.015" errors="0">
  <testcase name="sumReturnsCorrectResult" time="0.015" classname="New.RunnerTest"/>
</testsuite> <!-- New.RunnerTest -->
